<?xml version="1.0" encoding="UTF-8"?>
<!-- Generated by org.testng.reporters.JUnitXMLReporter -->
<testsuite hostname="tp3vdiw10dev205" name="Test" tests="1" failures="1" timestamp="3 Jul 2019 14:08:17 GMT" time="19.769" errors="0">
  <testcase name="" time="18.471" classname="testRunner.TestRunner">
    <failure type="cucumber.runtime.CucumberException" message="java.lang.NullPointerException">
      <![CDATA[cucumber.runtime.CucumberException: java.lang.NullPointerException
	at cucumber.api.testng.TestNGCucumberRunner.runCucumber(TestNGCucumberRunner.java:69)
	at testRunner.TestRunner.feature(TestRunner.java:45)
Caused by: java.lang.NullPointerException
	at org.openqa.selenium.support.pagefactory.DefaultElementLocator.findElement(DefaultElementLocator.java:69)
	at org.openqa.selenium.support.pagefactory.internal.LocatingElementHandler.invoke(LocatingElementHandler.java:38)
	at com.sun.proxy.$Proxy21.sendKeys(Unknown Source)
	at Pages.LoginPage.salesForceLoginWithValidUsernamePassword(LoginPage.java:30)
	at stepDefinitions.LoginStepDefinition.i_login_with_valid_credentials(LoginStepDefinition.java:20)
	at ✽.Given I login with valid credentials(sample.feature:5)
... Removed 24 stack frames]]>
    </failure>
  </testcase> <!--  -->
</testsuite> <!-- Test -->
